c:\users\thack\desktop\sogang\2022-1\기초컴퓨터그래픽스\3.0.1.3.2d_objects_20\3.0.1.3.2d_objects_20\x64\debug\vc143.pdb
c:\users\thack\desktop\sogang\2022-1\기초컴퓨터그래픽스\3.0.1.3.2d_objects_20\3.0.1.3.2d_objects_20\x64\debug\vc143.idb
c:\users\thack\desktop\sogang\2022-1\기초컴퓨터그래픽스\3.0.1.3.2d_objects_20\3.0.1.3.2d_objects_20\x64\debug\loadshaders.obj
c:\users\thack\desktop\sogang\2022-1\기초컴퓨터그래픽스\3.0.1.3.2d_objects_20\3.0.1.3.2d_objects_20\x64\debug\3.0.1.3.2d_objects_20.obj
c:\users\thack\desktop\sogang\2022-1\기초컴퓨터그래픽스\[cse4170]hw2_s20181600\3.0.1.3.2d_objects_20\x64\debug\vc143.pdb
c:\users\thack\desktop\sogang\2022-1\기초컴퓨터그래픽스\[cse4170]hw2_s20181600\3.0.1.3.2d_objects_20\x64\debug\vc143.idb
c:\users\thack\desktop\sogang\2022-1\기초컴퓨터그래픽스\[cse4170]hw2_s20181600\3.0.1.3.2d_objects_20\x64\debug\loadshaders.obj
c:\users\thack\desktop\sogang\2022-1\기초컴퓨터그래픽스\[cse4170]hw2_s20181600\3.0.1.3.2d_objects_20\x64\debug\3.0.1.3.2d_objects_20.obj
c:\users\thack\desktop\sogang\2022-1\기초컴퓨터그래픽스\3.0.1.3.2d_objects_20\3.0.1.3.2d_objects_20\x64\debug\3.0.1.3.2d_objects_20.ilk
c:\users\thack\desktop\sogang\2022-1\기초컴퓨터그래픽스\3.0.1.3.2d_objects_20\x64\debug\3.0.1.3.2d_objects_20.exe
c:\users\thack\desktop\sogang\2022-1\기초컴퓨터그래픽스\3.0.1.3.2d_objects_20\x64\debug\3.0.1.3.2d_objects_20.pdb
c:\users\thack\desktop\sogang\2022-1\기초컴퓨터그래픽스\[cse4170]hw2_s20181600\x64\debug\3.0.1.3.2d_objects_20.exe
c:\users\thack\desktop\sogang\2022-1\기초컴퓨터그래픽스\[cse4170]hw2_s20181600\3.0.1.3.2d_objects_20\x64\debug\3.0.1.3.2d_objects_20.ilk
c:\users\thack\desktop\sogang\2022-1\기초컴퓨터그래픽스\[cse4170]hw2_s20181600\x64\debug\3.0.1.3.2d_objects_20.pdb
c:\users\thack\desktop\sogang\2022-1\기초컴퓨터그래픽스\[cse4170]hw2_s20181600\3.0.1.3.2d_objects_20\x64\debug\3.0.1.3..a2d9a57f.tlog\cl.command.1.tlog
c:\users\thack\desktop\sogang\2022-1\기초컴퓨터그래픽스\[cse4170]hw2_s20181600\3.0.1.3.2d_objects_20\x64\debug\3.0.1.3..a2d9a57f.tlog\cl.read.1.tlog
c:\users\thack\desktop\sogang\2022-1\기초컴퓨터그래픽스\[cse4170]hw2_s20181600\3.0.1.3.2d_objects_20\x64\debug\3.0.1.3..a2d9a57f.tlog\cl.write.1.tlog
c:\users\thack\desktop\sogang\2022-1\기초컴퓨터그래픽스\[cse4170]hw2_s20181600\3.0.1.3.2d_objects_20\x64\debug\3.0.1.3..a2d9a57f.tlog\link.command.1.tlog
c:\users\thack\desktop\sogang\2022-1\기초컴퓨터그래픽스\[cse4170]hw2_s20181600\3.0.1.3.2d_objects_20\x64\debug\3.0.1.3..a2d9a57f.tlog\link.read.1.tlog
c:\users\thack\desktop\sogang\2022-1\기초컴퓨터그래픽스\[cse4170]hw2_s20181600\3.0.1.3.2d_objects_20\x64\debug\3.0.1.3..a2d9a57f.tlog\link.write.1.tlog
